[INFO][/Users/yuanshuhao/Documents/Go_Project/myproject/gin-blog/service/tag_service/tag.go:171] 2025/03/13 09:22:51 [读取数据 [ ysh ysh   ]]
[INFO][/Users/yuanshuhao/Documents/Go_Project/myproject/gin-blog/service/tag_service/tag.go:171] 2025/03/13 09:22:51 [读取数据 [ mm mm   ]]
[INFO][/Users/yuanshuhao/Documents/Go_Project/myproject/gin-blog/routers/api/v1/tag.go:237] 2025/03/13 09:25:21 [Excel 导入成功]
[INFO][/Users/yuanshuhao/Documents/Go_Project/myproject/gin-blog/models/tag.go:72] 2025/03/13 09:27:38 [数据插入成功:  {{18 1741829258 1741829258 <nil>} ysh ysh  1}]
[INFO][/Users/yuanshuhao/Documents/Go_Project/myproject/gin-blog/models/tag.go:72] 2025/03/13 09:27:38 [数据插入成功:  {{19 1741829258 1741829258 <nil>} mm mm  1}]
[INFO][/Users/yuanshuhao/Documents/Go_Project/myproject/gin-blog/routers/api/v1/tag.go:237] 2025/03/13 09:27:38 [Excel 导入成功]
[WARN][/Users/yuanshuhao/Documents/Go_Project/myproject/gin-blog/models/tag.go:68] 2025/03/13 09:57:53 [数据库插入失败:  Error 1110 (42000): Column 'deleted_on' specified twice]
[WARN][/Users/yuanshuhao/Documents/Go_Project/myproject/gin-blog/service/tag_service/tag.go:175] 2025/03/13 09:57:53 [插入数据失败: Error 1110 (42000): Column 'deleted_on' specified twice]
[WARN][/Users/yuanshuhao/Documents/Go_Project/myproject/gin-blog/routers/api/v1/tag.go:233] 2025/03/13 09:57:53 [导入标签失败 Error 1110 (42000): Column 'deleted_on' specified twice]
[WARN][/Users/yuanshuhao/Documents/Go_Project/myproject/gin-blog/models/tag.go:68] 2025/03/13 09:58:58 [数据库插入失败:  Error 1110 (42000): Column 'deleted_on' specified twice]
[WARN][/Users/yuanshuhao/Documents/Go_Project/myproject/gin-blog/service/tag_service/tag.go:175] 2025/03/13 09:58:58 [插入数据失败: Error 1110 (42000): Column 'deleted_on' specified twice]
[WARN][/Users/yuanshuhao/Documents/Go_Project/myproject/gin-blog/routers/api/v1/tag.go:233] 2025/03/13 09:58:58 [导入标签失败 Error 1110 (42000): Column 'deleted_on' specified twice]
[INFO][/Users/yuanshuhao/Documents/Go_Project/myproject/gin-blog/models/tag.go:71] 2025/03/13 09:59:20 [数据插入成功: ]
[INFO][/Users/yuanshuhao/Documents/Go_Project/myproject/gin-blog/models/tag.go:71] 2025/03/13 09:59:20 [数据插入成功: ]
[INFO][/Users/yuanshuhao/Documents/Go_Project/myproject/gin-blog/routers/api/v1/tag.go:237] 2025/03/13 09:59:20 [Excel 导入成功]
[INFO][/Users/yuanshuhao/Documents/Go_Project/myproject/gin-blog/models/tag.go:72] 2025/03/13 10:01:09 [数据插入成功: ]
[INFO][/Users/yuanshuhao/Documents/Go_Project/myproject/gin-blog/models/tag.go:72] 2025/03/13 10:01:09 [数据插入成功: ]
[INFO][/Users/yuanshuhao/Documents/Go_Project/myproject/gin-blog/routers/api/v1/tag.go:237] 2025/03/13 10:01:09 [Excel 导入成功]
[INFO][/Users/yuanshuhao/Documents/Go_Project/myproject/gin-blog/models/tag.go:73] 2025/03/13 10:03:25 [数据插入成功:  0x140002ffa00]
[INFO][/Users/yuanshuhao/Documents/Go_Project/myproject/gin-blog/models/tag.go:73] 2025/03/13 10:03:25 [数据插入成功:  0x14000c9e270]
[INFO][/Users/yuanshuhao/Documents/Go_Project/myproject/gin-blog/routers/api/v1/tag.go:237] 2025/03/13 10:03:25 [Excel 导入成功]
[INFO][/Users/yuanshuhao/Documents/Go_Project/myproject/gin-blog/models/tag.go:73] 2025/03/13 10:03:51 [数据插入成功:  0x140000186c0]
[INFO][/Users/yuanshuhao/Documents/Go_Project/myproject/gin-blog/models/tag.go:73] 2025/03/13 10:03:51 [数据插入成功:  0x140000186d8]
[INFO][/Users/yuanshuhao/Documents/Go_Project/myproject/gin-blog/routers/api/v1/tag.go:237] 2025/03/13 10:03:51 [Excel 导入成功]
[INFO][/Users/yuanshuhao/Documents/Go_Project/myproject/gin-blog/models/tag.go:73] 2025/03/13 10:05:04 [数据插入成功:  0x14000ce74a0]
[INFO][/Users/yuanshuhao/Documents/Go_Project/myproject/gin-blog/models/tag.go:73] 2025/03/13 10:05:04 [数据插入成功:  0x14000ce7500]
[INFO][/Users/yuanshuhao/Documents/Go_Project/myproject/gin-blog/routers/api/v1/tag.go:237] 2025/03/13 10:05:04 [Excel 导入成功]
[INFO][/Users/yuanshuhao/Documents/Go_Project/myproject/gin-blog/service/article_service/article.go:109] 2025/03/13 11:33:00 [Error 1054 (42S22): Unknown column 'blog_article.deleted_on' in 'where clause']
[INFO][/Users/yuanshuhao/Documents/Go_Project/myproject/gin-blog/service/article_service/article.go:115] 2025/03/13 11:50:52 [数据库查询结果: []]
[INFO][/Users/yuanshuhao/Documents/Go_Project/myproject/gin-blog/service/article_service/article.go:112] 2025/03/13 11:53:13 [can't preload field tag_id for models.Article]
[INFO][/Users/yuanshuhao/Documents/Go_Project/myproject/gin-blog/models/article.go:54] 2025/03/13 11:57:07 [查询参数 maps: map[tag_id:0]]
[INFO][/Users/yuanshuhao/Documents/Go_Project/myproject/gin-blog/models/article.go:55] 2025/03/13 11:57:07 [分页参数 pageNum: 0 pageSize: 0]
[INFO][/Users/yuanshuhao/Documents/Go_Project/myproject/gin-blog/models/article.go:63] 2025/03/13 11:57:07 [查询到的文章数量: 0]
[INFO][/Users/yuanshuhao/Documents/Go_Project/myproject/gin-blog/models/article.go:54] 2025/03/13 11:59:02 [查询参数 maps: map[tag_id:0]]
[INFO][/Users/yuanshuhao/Documents/Go_Project/myproject/gin-blog/models/article.go:55] 2025/03/13 11:59:02 [分页参数 pageNum: 0 pageSize: 0]
[INFO][/Users/yuanshuhao/Documents/Go_Project/myproject/gin-blog/models/article.go:63] 2025/03/13 11:59:02 [查询到的文章数量: 0]
[INFO][/Users/yuanshuhao/Documents/Go_Project/myproject/gin-blog/models/article.go:68] 2025/03/13 12:02:12 [最终查询参数: map[]]
[INFO][/Users/yuanshuhao/Documents/Go_Project/myproject/gin-blog/models/article.go:69] 2025/03/13 12:02:12 [最终分页参数: offset: 0 limit: 10]
[INFO][/Users/yuanshuhao/Documents/Go_Project/myproject/gin-blog/models/article.go:77] 2025/03/13 12:02:12 [查询到的文章数量: 1]
[INFO][/Users/yuanshuhao/Documents/Go_Project/myproject/gin-blog/models/article.go:58] 2025/03/13 12:55:49 [查询到的文章数量: 0]
[INFO][/Users/yuanshuhao/Documents/Go_Project/myproject/gin-blog/models/article.go:58] 2025/03/13 12:55:52 [查询到的文章数量: 0]
[INFO][/Users/yuanshuhao/Documents/Go_Project/myproject/gin-blog/models/article.go:58] 2025/03/13 12:55:58 [查询到的文章数量: 0]
[INFO][/Users/yuanshuhao/Documents/Go_Project/myproject/gin-blog/models/article.go:58] 2025/03/13 12:56:00 [查询到的文章数量: 0]
[INFO][/Users/yuanshuhao/Documents/Go_Project/myproject/gin-blog/models/article.go:58] 2025/03/13 12:56:22 [查询到的文章数量: 0]
[INFO][/Users/yuanshuhao/Documents/Go_Project/myproject/gin-blog/models/article.go:58] 2025/03/13 13:00:32 [查询到的文章数量: 0]
[INFO][/Users/yuanshuhao/Documents/Go_Project/myproject/gin-blog/models/article.go:58] 2025/03/13 13:02:23 [查询到的文章数量: 0]
[INFO][/Users/yuanshuhao/Documents/Go_Project/myproject/gin-blog/models/article.go:58] 2025/03/13 14:28:43 [查询到的文章数量: 0]
[INFO][/Users/yuanshuhao/Documents/Go_Project/myproject/gin-blog/models/article.go:58] 2025/03/13 14:31:05 [查询到的文章数量: 0]
[INFO][/Users/yuanshuhao/Documents/Go_Project/myproject/gin-blog/models/article.go:58] 2025/03/13 14:32:54 [查询到的文章数量: 0]
[INFO][/Users/yuanshuhao/Documents/Go_Project/myproject/gin-blog/models/article.go:58] 2025/03/13 14:33:28 [查询到的文章数量: 0]
[INFO][/Users/yuanshuhao/Documents/Go_Project/myproject/gin-blog/models/article.go:58] 2025/03/13 14:34:59 [查询到的文章数量: 0]
[INFO][/Users/yuanshuhao/Documents/Go_Project/myproject/gin-blog/models/article.go:58] 2025/03/13 14:37:13 [查询到的文章数量: 0]
[INFO][/Users/yuanshuhao/Documents/Go_Project/myproject/gin-blog/models/article.go:58] 2025/03/13 14:38:01 [查询到的文章数量: 0]
[INFO][/Users/yuanshuhao/Documents/Go_Project/myproject/gin-blog/models/article.go:58] 2025/03/13 14:38:23 [查询到的文章数量: 0]
[INFO][/Users/yuanshuhao/Documents/Go_Project/myproject/gin-blog/models/article.go:58] 2025/03/13 14:39:12 [查询到的文章数量: 0]
[INFO][/Users/yuanshuhao/Documents/Go_Project/myproject/gin-blog/models/article.go:58] 2025/03/13 14:43:06 [查询到的文章数量: 0]
[INFO][/Users/yuanshuhao/Documents/Go_Project/myproject/gin-blog/models/article.go:58] 2025/03/13 14:48:20 [查询到的文章数量: 0]
[INFO][/Users/yuanshuhao/Documents/Go_Project/myproject/gin-blog/models/article.go:58] 2025/03/13 14:53:53 [查询到的文章数量: 0]
[ERROR][/Users/yuanshuhao/Documents/Go_Project/myproject/gin-blog/service/article_service/article.go:285] 2025/03/13 14:53:53 [检查文章《%s》是否存在时出错: %v yk record not found]
[INFO][/Users/yuanshuhao/Documents/Go_Project/myproject/gin-blog/models/article.go:58] 2025/03/13 14:55:38 [查询到的文章数量: 0]
[ERROR][/Users/yuanshuhao/Documents/Go_Project/myproject/gin-blog/service/article_service/article.go:285] 2025/03/13 14:55:38 [检查文章《%s》是否存在时出错: %v yk record not found]
[ERROR][/Users/yuanshuhao/Documents/Go_Project/myproject/gin-blog/service/article_service/article.go:285] 2025/03/13 14:55:38 [检查文章《%s》是否存在时出错: %v love record not found]
[INFO][/Users/yuanshuhao/Documents/Go_Project/myproject/gin-blog/models/article.go:58] 2025/03/13 14:57:23 [查询到的文章数量: 0]
[ERROR][/Users/yuanshuhao/Documents/Go_Project/myproject/gin-blog/service/article_service/article.go:285] 2025/03/13 14:57:23 [检查文章《%s》是否存在时出错: %v yk record not found]
[ERROR][/Users/yuanshuhao/Documents/Go_Project/myproject/gin-blog/service/article_service/article.go:285] 2025/03/13 14:57:23 [检查文章《%s》是否存在时出错: %v love record not found]
[INFO][/Users/yuanshuhao/Documents/Go_Project/myproject/gin-blog/models/article.go:58] 2025/03/13 15:00:40 [查询到的文章数量: 0]
[INFO][/Users/yuanshuhao/Documents/Go_Project/myproject/gin-blog/models/article.go:59] 2025/03/13 15:01:56 [查询到的文章数量: 0]
[ERROR][/Users/yuanshuhao/Documents/Go_Project/myproject/gin-blog/service/article_service/article.go:290] 2025/03/13 15:01:56 [数据库中已存在文章《%s》，跳过导入 yk]
[ERROR][/Users/yuanshuhao/Documents/Go_Project/myproject/gin-blog/service/article_service/article.go:290] 2025/03/13 15:01:56 [数据库中已存在文章《%s》，跳过导入 love]
[INFO][/Users/yuanshuhao/Documents/Go_Project/myproject/gin-blog/models/article.go:59] 2025/03/13 15:02:22 [查询到的文章数量: 0]
[ERROR][/Users/yuanshuhao/Documents/Go_Project/myproject/gin-blog/service/article_service/article.go:290] 2025/03/13 15:02:22 [数据库中已存在文章《%s》，跳过导入 yk]
[ERROR][/Users/yuanshuhao/Documents/Go_Project/myproject/gin-blog/service/article_service/article.go:290] 2025/03/13 15:02:22 [数据库中已存在文章《%s》，跳过导入 love]
[INFO][/Users/yuanshuhao/Documents/Go_Project/myproject/gin-blog/pkg/app/request.go:10] 2025/03/13 18:09:00 [UserName.Required. UserName Can not be empty]
[INFO][/Users/yuanshuhao/Documents/Go_Project/myproject/gin-blog/pkg/app/request.go:10] 2025/03/13 18:09:00 [Password.Required. Password Can not be empty]
[INFO][/Users/yuanshuhao/Documents/Go_Project/myproject/gin-blog/pkg/app/request.go:10] 2025/03/13 18:09:10 [UserName.Required. UserName Can not be empty]
[INFO][/Users/yuanshuhao/Documents/Go_Project/myproject/gin-blog/pkg/app/request.go:10] 2025/03/13 18:09:11 [Password.Required. Password Can not be empty]
[INFO][/Users/yuanshuhao/Documents/Go_Project/myproject/gin-blog/pkg/app/request.go:10] 2025/03/13 18:09:39 [UserName.Required. UserName Can not be empty]
[INFO][/Users/yuanshuhao/Documents/Go_Project/myproject/gin-blog/pkg/app/request.go:10] 2025/03/13 18:09:39 [Password.Required. Password Can not be empty]
[INFO][/Users/yuanshuhao/Documents/Go_Project/myproject/gin-blog/pkg/app/request.go:10] 2025/03/13 18:09:40 [UserName.Required. UserName Can not be empty]
[INFO][/Users/yuanshuhao/Documents/Go_Project/myproject/gin-blog/pkg/app/request.go:10] 2025/03/13 18:09:40 [Password.Required. Password Can not be empty]
[INFO][/Users/yuanshuhao/Documents/Go_Project/myproject/gin-blog/pkg/app/request.go:10] 2025/03/13 18:09:41 [UserName.Required. UserName Can not be empty]
[INFO][/Users/yuanshuhao/Documents/Go_Project/myproject/gin-blog/pkg/app/request.go:10] 2025/03/13 18:09:41 [Password.Required. Password Can not be empty]
[INFO][/Users/yuanshuhao/Documents/Go_Project/myproject/gin-blog/pkg/app/request.go:10] 2025/03/13 18:10:24 [UserName.Required. UserName Can not be empty]
[INFO][/Users/yuanshuhao/Documents/Go_Project/myproject/gin-blog/pkg/app/request.go:10] 2025/03/13 18:10:24 [Password.Required. Password Can not be empty]
[INFO][/Users/yuanshuhao/Documents/Go_Project/myproject/gin-blog/pkg/app/request.go:10] 2025/03/13 18:10:35 [UserName.Required. UserName Can not be empty]
[INFO][/Users/yuanshuhao/Documents/Go_Project/myproject/gin-blog/pkg/app/request.go:10] 2025/03/13 18:10:35 [Password.Required. Password Can not be empty]
[INFO][/Users/yuanshuhao/Documents/Go_Project/myproject/gin-blog/pkg/app/request.go:10] 2025/03/13 18:10:39 [UserName.Required. UserName Can not be empty]
[INFO][/Users/yuanshuhao/Documents/Go_Project/myproject/gin-blog/pkg/app/request.go:10] 2025/03/13 18:10:39 [Password.Required. Password Can not be empty]
[INFO][/Users/yuanshuhao/Documents/Go_Project/myproject/gin-blog/pkg/app/request.go:10] 2025/03/13 18:10:48 [UserName.Required. UserName Can not be empty]
[INFO][/Users/yuanshuhao/Documents/Go_Project/myproject/gin-blog/pkg/app/request.go:10] 2025/03/13 18:10:48 [Password.Required. Password Can not be empty]
[INFO][/Users/yuanshuhao/Documents/Go_Project/myproject/gin-blog/pkg/app/request.go:10] 2025/03/13 18:10:58 [UserName.Required. UserName Can not be empty]
[INFO][/Users/yuanshuhao/Documents/Go_Project/myproject/gin-blog/pkg/app/request.go:10] 2025/03/13 18:10:58 [Password.Required. Password Can not be empty]
[INFO][/Users/yuanshuhao/Documents/Go_Project/myproject/gin-blog/pkg/app/request.go:10] 2025/03/13 18:11:06 [UserName.Required. UserName Can not be empty]
[INFO][/Users/yuanshuhao/Documents/Go_Project/myproject/gin-blog/pkg/app/request.go:10] 2025/03/13 18:11:06 [Password.Required. Password Can not be empty]
[INFO][/Users/yuanshuhao/Documents/Go_Project/myproject/gin-blog/pkg/app/request.go:10] 2025/03/13 18:11:10 [UserName.Required. UserName Can not be empty]
[INFO][/Users/yuanshuhao/Documents/Go_Project/myproject/gin-blog/pkg/app/request.go:10] 2025/03/13 18:11:10 [Password.Required. Password Can not be empty]
[INFO][/Users/yuanshuhao/Documents/Go_Project/myproject/gin-blog/pkg/app/request.go:10] 2025/03/13 19:10:02 [UserName.Required. UserName Can not be empty]
[INFO][/Users/yuanshuhao/Documents/Go_Project/myproject/gin-blog/pkg/app/request.go:10] 2025/03/13 19:10:02 [Password.Required. Password Can not be empty]
[INFO][/Users/yuanshuhao/Documents/Go_Project/myproject/gin-blog/pkg/app/request.go:10] 2025/03/13 19:10:04 [UserName.Required. UserName Can not be empty]
[INFO][/Users/yuanshuhao/Documents/Go_Project/myproject/gin-blog/pkg/app/request.go:10] 2025/03/13 19:10:04 [Password.Required. Password Can not be empty]
[INFO][/Users/yuanshuhao/Documents/Go_Project/myproject/gin-blog/pkg/app/request.go:10] 2025/03/13 19:11:13 [UserName.Required. UserName Can not be empty]
[INFO][/Users/yuanshuhao/Documents/Go_Project/myproject/gin-blog/pkg/app/request.go:10] 2025/03/13 19:11:13 [Password.Required. Password Can not be empty]
[INFO][/Users/yuanshuhao/Documents/Go_Project/myproject/gin-blog/pkg/app/request.go:10] 2025/03/13 19:11:56 [UserName.Required. UserName Can not be empty]
[INFO][/Users/yuanshuhao/Documents/Go_Project/myproject/gin-blog/pkg/app/request.go:10] 2025/03/13 19:11:56 [Password.Required. Password Can not be empty]
[INFO][/Users/yuanshuhao/Documents/Go_Project/myproject/gin-blog/pkg/app/request.go:10] 2025/03/13 19:15:14 [UserName.Required. UserName Can not be empty]
[INFO][/Users/yuanshuhao/Documents/Go_Project/myproject/gin-blog/pkg/app/request.go:10] 2025/03/13 19:15:14 [Password.Required. Password Can not be empty]
[INFO][/Users/yuanshuhao/Documents/Go_Project/myproject/gin-blog/pkg/app/request.go:10] 2025/03/13 19:15:24 [UserName.Required. UserName Can not be empty]
[INFO][/Users/yuanshuhao/Documents/Go_Project/myproject/gin-blog/pkg/app/request.go:10] 2025/03/13 19:15:24 [Password.Required. Password Can not be empty]
[INFO][/Users/yuanshuhao/Documents/Go_Project/myproject/gin-blog/pkg/app/request.go:10] 2025/03/13 19:17:00 [UserName.Required. UserName Can not be empty]
[INFO][/Users/yuanshuhao/Documents/Go_Project/myproject/gin-blog/pkg/app/request.go:10] 2025/03/13 19:17:00 [Password.Required. Password Can not be empty]
[INFO][/Users/yuanshuhao/Documents/Go_Project/myproject/gin-blog/pkg/app/request.go:10] 2025/03/13 19:17:33 [UserName.Required. UserName Can not be empty]
[INFO][/Users/yuanshuhao/Documents/Go_Project/myproject/gin-blog/pkg/app/request.go:10] 2025/03/13 19:17:33 [Password.Required. Password Can not be empty]
[INFO][/Users/yuanshuhao/Documents/Go_Project/myproject/gin-blog/pkg/app/request.go:10] 2025/03/13 19:19:55 [UserName.Required. UserName Can not be empty]
[INFO][/Users/yuanshuhao/Documents/Go_Project/myproject/gin-blog/pkg/app/request.go:10] 2025/03/13 19:19:55 [Password.Required. Password Can not be empty]
[INFO][/Users/yuanshuhao/Documents/Go_Project/myproject/gin-blog/pkg/app/request.go:10] 2025/03/13 19:20:04 [UserName.Required. UserName Can not be empty]
[INFO][/Users/yuanshuhao/Documents/Go_Project/myproject/gin-blog/pkg/app/request.go:10] 2025/03/13 19:20:04 [Password.Required. Password Can not be empty]
[INFO][/Users/yuanshuhao/Documents/Go_Project/myproject/gin-blog/pkg/app/request.go:10] 2025/03/13 19:20:11 [UserName.Required. UserName Can not be empty]
[INFO][/Users/yuanshuhao/Documents/Go_Project/myproject/gin-blog/pkg/app/request.go:10] 2025/03/13 19:20:11 [Password.Required. Password Can not be empty]
[INFO][/Users/yuanshuhao/Documents/Go_Project/myproject/gin-blog/pkg/app/request.go:10] 2025/03/13 19:25:45 [UserName.Required. UserName Can not be empty]
